#
# There is insufficient memory for the Java Runtime Environment to continue.
# Native memory allocation (malloc) failed to allocate 1048576 bytes for AllocateHeap
# Possible reasons:
#   The system is out of physical RAM or swap space
#   In 32 bit mode, the process size limit was hit
# Possible solutions:
#   Reduce memory load on the system
#   Increase physical memory or swap space
#   Check if swap backing store is full
#   Use 64 bit Java on a 64 bit OS
#   Decrease Java heap size (-Xmx/-Xms)
#   Decrease number of Java threads
#   Decrease Java thread stack sizes (-Xss)
#   Set larger code cache with -XX:ReservedCodeCacheSize=
# This output file may be truncated or incomplete.
#
#  Out of Memory Error (memory/allocation.inline.hpp:61), pid=183660, tid=0x000000000002cdac
#
# JRE version:  (8.0) (build )
# Java VM: OpenJDK 64-Bit Server VM (25.71-b00 mixed mode windows-amd64 compressed oops)
# Failed to write core dump. Minidumps are not enabled by default on client versions of Windows
#

---------------  T H R E A D  ---------------

Current thread (0x000000000241e000):  JavaThread "Unknown thread" [_thread_in_vm, id=183724, stack(0x0000000002290000,0x0000000002390000)]

Stack: [0x0000000002290000,0x0000000002390000]
[error occurred during error reporting (printing stack bounds), id 0xc0000005]

Native frames: (J=compiled Java code, j=interpreted, Vv=VM code, C=native code)


---------------  P R O C E S S  ---------------

Java Threads: ( => current thread )

Other Threads:

=>0x000000000241e000 (exited) JavaThread "Unknown thread" [_thread_in_vm, id=183724, stack(0x0000000002290000,0x0000000002390000)]

VM state:not at safepoint (normal execution)

VM Mutex/Monitor currently owned by a thread: None

Heap:
 PSYoungGen      total 37888K, used 655K [0x00000000d6200000, 0x00000000d8c00000, 0x0000000100000000)
  eden space 32768K, 2% used [0x00000000d6200000,0x00000000d62a3d80,0x00000000d8200000)
  from space 5120K, 0% used [0x00000000d8700000,0x00000000d8700000,0x00000000d8c00000)
  to   space 5120K, 0% used [0x00000000d8200000,0x00000000d8200000,0x00000000d8700000)
 ParOldGen       total 86016K, used 0K [0x0000000082600000, 0x0000000087a00000, 0x00000000d6200000)
  object space 86016K, 0% used [0x0000000082600000,0x0000000082600000,0x0000000087a00000)
 Metaspace       used 777K, capacity 4480K, committed 4480K, reserved 1056768K
  class space    used 74K, capacity 384K, committed 384K, reserved 1048576K

Card table byte_map: [0x0000000011c30000,0x0000000012020000] byte_map_base: 0x000000001181d000

Marking Bits: (ParMarkBitMap*) 0x000000005cc6be50
 Begin Bits: [0x0000000012cc0000, 0x0000000014c28000)
 End Bits:   [0x0000000014c28000, 0x0000000016b90000)

Polling page: 0x00000000001d0000

CodeCache: size=245760Kb used=328Kb max_used=328Kb free=245431Kb
 bounds [0x0000000002870000, 0x0000000002ae0000, 0x0000000011870000]
 total_blobs=57 nmethods=0 adapters=38
 compilation: enabled

Compilation events (0 events):
No events

GC Heap History (0 events):
No events

Deoptimization events (0 events):
No events

Classes redefined (0 events):
No events

Internal exceptions (0 events):
No events

Events (10 events):
Event: 0.085 loading class java/lang/Short
Event: 0.085 loading class java/lang/Short done
Event: 0.085 loading class java/lang/Integer
Event: 0.086 loading class java/lang/Integer done
Event: 0.086 loading class java/lang/Long
Event: 0.086 loading class java/lang/Long done
Event: 0.088 loading class java/lang/NullPointerException
Event: 0.088 loading class java/lang/NullPointerException done
Event: 0.088 loading class java/lang/ArithmeticException
Event: 0.088 loading class java/lang/ArithmeticException done


Dynamic libraries:
0x00007ff7faf30000 - 0x00007ff7faf65000 	C:\Program Files\Unity\Hub\Editor\2019.3.5f1\Editor\Data\PlaybackEngines\AndroidPlayer\OpenJDK\bin\java.exe
0x00007ffd53de0000 - 0x00007ffd53fd0000 	C:\WINDOWS\SYSTEM32\ntdll.dll
0x00007ffd53840000 - 0x00007ffd538f2000 	C:\WINDOWS\System32\KERNEL32.DLL
0x00007ffd51060000 - 0x00007ffd51303000 	C:\WINDOWS\System32\KERNELBASE.dll
0x00007ffd520f0000 - 0x00007ffd52193000 	C:\WINDOWS\System32\ADVAPI32.dll
0x00007ffd53790000 - 0x00007ffd5382e000 	C:\WINDOWS\System32\msvcrt.dll
0x00007ffd53920000 - 0x00007ffd539b7000 	C:\WINDOWS\System32\sechost.dll
0x00007ffd52200000 - 0x00007ffd52320000 	C:\WINDOWS\System32\RPCRT4.dll
0x00007ffd539c0000 - 0x00007ffd53b54000 	C:\WINDOWS\System32\USER32.dll
0x00007ffd50f30000 - 0x00007ffd50f51000 	C:\WINDOWS\System32\win32u.dll
0x00007ffd52320000 - 0x00007ffd52346000 	C:\WINDOWS\System32\GDI32.dll
0x00007ffd50d70000 - 0x00007ffd50f04000 	C:\WINDOWS\System32\gdi32full.dll
0x00007ffd51d70000 - 0x00007ffd51e0e000 	C:\WINDOWS\System32\msvcp_win.dll
0x00007ffd50f60000 - 0x00007ffd5105a000 	C:\WINDOWS\System32\ucrtbase.dll
0x00007ffd42cf0000 - 0x00007ffd42f75000 	C:\WINDOWS\WinSxS\amd64_microsoft.windows.common-controls_6595b64144ccf1df_6.0.18362.720_none_e6beb5c51314836b\COMCTL32.dll
0x00007ffd52920000 - 0x00007ffd52c56000 	C:\WINDOWS\System32\combase.dll
0x00007ffd51e10000 - 0x00007ffd51e90000 	C:\WINDOWS\System32\bcryptPrimitives.dll
0x00007ffd53d70000 - 0x00007ffd53d9e000 	C:\WINDOWS\System32\IMM32.DLL
0x000000005d270000 - 0x000000005d342000 	C:\Program Files\Unity\Hub\Editor\2019.3.5f1\Editor\Data\PlaybackEngines\AndroidPlayer\OpenJDK\jre\bin\msvcr100.dll
0x000000005c4a0000 - 0x000000005cce9000 	C:\Program Files\Unity\Hub\Editor\2019.3.5f1\Editor\Data\PlaybackEngines\AndroidPlayer\OpenJDK\jre\bin\server\jvm.dll
0x00007ffd53830000 - 0x00007ffd53838000 	C:\WINDOWS\System32\PSAPI.DLL
0x00007ffd4eba0000 - 0x00007ffd4ebc4000 	C:\WINDOWS\SYSTEM32\WINMM.dll
0x00007ffd31e90000 - 0x00007ffd31e99000 	C:\WINDOWS\SYSTEM32\WSOCK32.dll
0x00007ffd52da0000 - 0x00007ffd52e0f000 	C:\WINDOWS\System32\WS2_32.dll
0x00007ffd4eb40000 - 0x00007ffd4eb6d000 	C:\WINDOWS\SYSTEM32\WINMMBASE.dll
0x00007ffd4f6f0000 - 0x00007ffd4f6fa000 	C:\WINDOWS\SYSTEM32\VERSION.dll
0x00007ffd51a90000 - 0x00007ffd51ada000 	C:\WINDOWS\System32\cfgmgr32.dll
0x00007ffd44990000 - 0x00007ffd4499f000 	C:\Program Files\Unity\Hub\Editor\2019.3.5f1\Editor\Data\PlaybackEngines\AndroidPlayer\OpenJDK\jre\bin\verify.dll
0x00007ffd167e0000 - 0x00007ffd16809000 	C:\Program Files\Unity\Hub\Editor\2019.3.5f1\Editor\Data\PlaybackEngines\AndroidPlayer\OpenJDK\jre\bin\java.dll
0x00007ffd13e20000 - 0x00007ffd13e36000 	C:\Program Files\Unity\Hub\Editor\2019.3.5f1\Editor\Data\PlaybackEngines\AndroidPlayer\OpenJDK\jre\bin\zip.dll

VM Arguments:
java_command: <unknown>
java_class_path (initial): .
Launcher Type: SUN_STANDARD

Environment Variables:
JAVA_HOME=C:/Program Files/Unity/Hub/Editor/2019.3.5f1/Editor/Data/PlaybackEngines/AndroidPlayer\OpenJDK
PATH=C:\Program Files (x86)\Common Files\Oracle\Java\javapath;C:\Program Files (x86)\Intel\Intel(R) Management Engine Components\iCLS\;C:\Program Files\Intel\Intel(R) Management Engine Components\iCLS\;C:\Windows\system32;C:\Windows;C:\Windows\System32\Wbem;C:\Windows\System32\WindowsPowerShell\v1.0\;C:\Program Files (x86)\Intel\Intel(R) Management Engine Components\DAL;C:\Program Files\Intel\Intel(R) Management Engine Components\DAL;C:\Program Files (x86)\Intel\Intel(R) Management Engine Components\IPT;C:\Program Files\Intel\Intel(R) Management Engine Components\IPT;C:\Program Files (x86)\NVIDIA Corporation\PhysX\Common;C:\Program Files\Common Files\Autodesk Shared\;C:\WINDOWS\system32;C:\WINDOWS;C:\WINDOWS\System32\Wbem;C:\WINDOWS\System32\WindowsPowerShell\v1.0\;C:\WINDOWS\System32\OpenSSH\;C:\Program Files\Java\jdk1.8.0_191\bin;C:\Program Files\NVIDIA Corporation\NVIDIA NvDLISR;C:\Users\sukyk\AppData\Local\Microsoft\WindowsApps;D:\Bandizip\
USERNAME=sukyk
OS=Windows_NT
PROCESSOR_IDENTIFIER=Intel64 Family 6 Model 158 Stepping 10, GenuineIntel



---------------  S Y S T E M  ---------------

OS: Windows 10.0 , 64 bit Build 18362 (10.0.18362.329)

CPU:total 12 (initial active 12) (6 cores per cpu, 2 threads per core) family 6 model 158 stepping 10, cmov, cx8, fxsr, mmx, sse, sse2, sse3, ssse3, sse4.1, sse4.2, popcnt, avx, avx2, aes, clmul, erms, 3dnowpref, lzcnt, ht, tsc, tscinvbit, bmi1, bmi2, adx

Memory: 4k page, physical 8231212k(514980k free), swap 19179048k(29720k free)

vm_info: OpenJDK 64-Bit Server VM (25.71-b00) for windows-amd64 JRE (1.8.0-adoptopenjdk-_2018_05_19_00_59-b00), built on May 19 2018 01:02:12 by "jenkins" with MS VC++ 10.0 (VS2010)

time: Tue Apr 07 01:05:11 2020
elapsed time: 0 seconds (0d 0h 0m 0s)

